<?xml version="1.0" encoding="UTF-8"?>
<!-- Generated by org.testng.reporters.JUnitXMLReporter -->
<testsuite ignored="0" hostname="LAPTOP-CPNPGO56" failures="3" tests="4" name="Test" time="63.646" errors="0" timestamp="2023-04-06T21:17:34 IST">
  <testcase classname="com.peony22A.ProductTest" name="verifyCategeriesForTopWear" time="0.0">
    <failure type="org.testng.TestNGException" message="
Cannot inject @Test annotated Method [verifyCategeriesForTopWear] with [class org.openqa.selenium.By].
For more information on native dependency injection please refer to https://testng.org/doc/documentation-main.html#native-dependency-injection">
      <![CDATA[org.testng.TestNGException: 
Cannot inject @Test annotated Method [verifyCategeriesForTopWear] with [class org.openqa.selenium.By].
For more information on native dependency injection please refer to https://testng.org/doc/documentation-main.html#native-dependency-injection
at java.base/java.util.ArrayList.forEach(ArrayList.java:1511)
... Removed 26 stack frames]]>
    </failure>
  </testcase> <!-- verifyCategeriesForTopWear -->
  <testcase classname="com.peony22A.ProductTest" name="verifySearchResultForPoloForMen" time="41.959"/>
  <testcase classname="com.peony22A.ProductTest" name="verifySearchResultForPoloMen" time="5.838">
    <failure type="java.lang.Error" message="Unresolved compilation problem: 
	Syntax error, insert &amp;quot;}&amp;quot; to complete Block
">
      <![CDATA[java.lang.Error: Unresolved compilation problem: 
Syntax error, insert "}" to complete Block

at com.peony22A.keywords.UIKeywords.getTexts(UIKeywords.java:73)
at com.peony22A.ProductTest.verifySearchResultForPoloMen(ProductTest.java:49)
at java.base/java.util.ArrayList.forEach(ArrayList.java:1511)
... Removed 27 stack frames]]>
    </failure>
  </testcase> <!-- verifySearchResultForPoloMen -->
  <testcase classname="com.peony22A.ProductTest" name="verifySearchResultForPoloMenUsingOR" time="12.568">
    <failure type="java.lang.Error" message="Unresolved compilation problem: 
	Syntax error, insert &amp;quot;}&amp;quot; to complete Block
">
      <![CDATA[java.lang.Error: Unresolved compilation problem: 
Syntax error, insert "}" to complete Block

at com.peony22A.keywords.UIKeywords.getTexts(UIKeywords.java:73)
at com.peony22A.ProductTest.verifySearchResultForPoloMenUsingOR(ProductTest.java:66)
at java.base/java.util.ArrayList.forEach(ArrayList.java:1511)
... Removed 27 stack frames]]>
    </failure>
  </testcase> <!-- verifySearchResultForPoloMenUsingOR -->
</testsuite> <!-- Test -->
